Started GET "/" for ::1 at 2019-10-08 05:33:05 -0400
Processing by ApplicationController#hello as HTML
  Rendering html template
  Rendered html template (0.1ms)
Completed 200 OK in 30ms (Views: 15.6ms | ActiveRecord: 0.0ms)


  [1m[35m (0.2ms)[0m  [1m[34mSELECT sqlite_version(*)[0m
  â†³ /Users/christophermannion/.rbenv/versions/2.6.0/bin/rake:23
  [1m[35m (2.0ms)[0m  [1m[35mCREATE TABLE "schema_migrations" ("version" varchar NOT NULL PRIMARY KEY)[0m
  â†³ /Users/christophermannion/.rbenv/versions/2.6.0/bin/rake:23
  [1m[35m (1.9ms)[0m  [1m[35mCREATE TABLE "ar_internal_metadata" ("key" varchar NOT NULL PRIMARY KEY, "value" varchar, "created_at" datetime NOT NULL, "updated_at" datetime NOT NULL)[0m
  â†³ /Users/christophermannion/.rbenv/versions/2.6.0/bin/rake:23
  [1m[35m (0.3ms)[0m  [1m[34mSELECT "schema_migrations"."version" FROM "schema_migrations" ORDER BY "schema_migrations"."version" ASC[0m
  â†³ /Users/christophermannion/.rbenv/versions/2.6.0/bin/rake:23
Migrating to CreateLessons (20191008093414)
  [1m[35m (0.1ms)[0m  [1m[36mbegin transaction[0m
  â†³ /Users/christophermannion/.rbenv/versions/2.6.0/bin/rake:23
  [1m[35m (0.7ms)[0m  [1m[35mCREATE TABLE "lessons" ("id" integer PRIMARY KEY AUTOINCREMENT NOT NULL, "image" varchar, "title" varchar, "duration" integer, "cost" integer, "category" varchar, "language" varchar, "level" varchar, "description" text, "created_at" datetime NOT NULL, "updated_at" datetime NOT NULL)[0m
  â†³ db/migrate/20191008093414_create_lessons.rb:3
  [1m[36mActiveRecord::SchemaMigration Create (0.4ms)[0m  [1m[32mINSERT INTO "schema_migrations" ("version") VALUES (?)[0m  [["version", "20191008093414"]]
  â†³ /Users/christophermannion/.rbenv/versions/2.6.0/bin/rake:23
  [1m[35m (1.3ms)[0m  [1m[36mcommit transaction[0m
  â†³ /Users/christophermannion/.rbenv/versions/2.6.0/bin/rake:23
  [1m[36mActiveRecord::InternalMetadata Load (0.3ms)[0m  [1m[34mSELECT  "ar_internal_metadata".* FROM "ar_internal_metadata" WHERE "ar_internal_metadata"."key" = ? LIMIT ?[0m  [["key", "environment"], ["LIMIT", 1]]
  â†³ /Users/christophermannion/.rbenv/versions/2.6.0/bin/rake:23
  [1m[35m (0.1ms)[0m  [1m[36mbegin transaction[0m
  â†³ /Users/christophermannion/.rbenv/versions/2.6.0/bin/rake:23
  [1m[36mActiveRecord::InternalMetadata Create (1.0ms)[0m  [1m[32mINSERT INTO "ar_internal_metadata" ("key", "value", "created_at", "updated_at") VALUES (?, ?, ?, ?)[0m  [["key", "environment"], ["value", "development"], ["created_at", "2019-10-08 09:34:23.520174"], ["updated_at", "2019-10-08 09:34:23.520174"]]
  â†³ /Users/christophermannion/.rbenv/versions/2.6.0/bin/rake:23
  [1m[35m (1.1ms)[0m  [1m[36mcommit transaction[0m
  â†³ /Users/christophermannion/.rbenv/versions/2.6.0/bin/rake:23
  [1m[35m (0.2ms)[0m  [1m[34mSELECT "schema_migrations"."version" FROM "schema_migrations" ORDER BY "schema_migrations"."version" ASC[0m
  â†³ /Users/christophermannion/.rbenv/versions/2.6.0/bin/rake:23
Started GET "/" for ::1 at 2019-10-08 05:37:47 -0400
  [1m[35m (0.7ms)[0m  [1m[34mSELECT "schema_migrations"."version" FROM "schema_migrations" ORDER BY "schema_migrations"."version" ASC[0m
  â†³ /Users/christophermannion/.rbenv/versions/2.6.0/lib/ruby/gems/2.6.0/gems/activerecord-5.2.3/lib/active_record/log_subscriber.rb:98
Processing by ApplicationController#hello as HTML
  Rendering html template
  Rendered html template (0.1ms)
Completed 200 OK in 48ms (Views: 14.0ms | ActiveRecord: 0.0ms)


Started GET "/show.html.erb" for ::1 at 2019-10-08 05:37:55 -0400
  
ActionController::RoutingError (No route matches [GET] "/show.html.erb"):
  
actionpack (5.2.3) lib/action_dispatch/middleware/debug_exceptions.rb:65:in `call'
web-console (3.7.0) lib/web_console/middleware.rb:135:in `call_app'
web-console (3.7.0) lib/web_console/middleware.rb:30:in `block in call'
web-console (3.7.0) lib/web_console/middleware.rb:20:in `catch'
web-console (3.7.0) lib/web_console/middleware.rb:20:in `call'
actionpack (5.2.3) lib/action_dispatch/middleware/show_exceptions.rb:33:in `call'
railties (5.2.3) lib/rails/rack/logger.rb:38:in `call_app'
railties (5.2.3) lib/rails/rack/logger.rb:26:in `block in call'
activesupport (5.2.3) lib/active_support/tagged_logging.rb:71:in `block in tagged'
activesupport (5.2.3) lib/active_support/tagged_logging.rb:28:in `tagged'
activesupport (5.2.3) lib/active_support/tagged_logging.rb:71:in `tagged'
railties (5.2.3) lib/rails/rack/logger.rb:26:in `call'
sprockets-rails (3.2.1) lib/sprockets/rails/quiet_assets.rb:13:in `call'
actionpack (5.2.3) lib/action_dispatch/middleware/remote_ip.rb:81:in `call'
actionpack (5.2.3) lib/action_dispatch/middleware/request_id.rb:27:in `call'
rack (2.0.7) lib/rack/method_override.rb:22:in `call'
rack (2.0.7) lib/rack/runtime.rb:22:in `call'
activesupport (5.2.3) lib/active_support/cache/strategy/local_cache_middleware.rb:29:in `call'
actionpack (5.2.3) lib/action_dispatch/middleware/executor.rb:14:in `call'
actionpack (5.2.3) lib/action_dispatch/middleware/static.rb:127:in `call'
rack (2.0.7) lib/rack/sendfile.rb:111:in `call'
railties (5.2.3) lib/rails/engine.rb:524:in `call'
puma (3.12.1) lib/puma/configuration.rb:227:in `call'
puma (3.12.1) lib/puma/server.rb:660:in `handle_request'
puma (3.12.1) lib/puma/server.rb:474:in `process_client'
puma (3.12.1) lib/puma/server.rb:334:in `block in run'
puma (3.12.1) lib/puma/thread_pool.rb:135:in `block in spawn_thread'
Started GET "/show.html" for ::1 at 2019-10-08 05:38:00 -0400
  
ActionController::RoutingError (No route matches [GET] "/show.html"):
  
actionpack (5.2.3) lib/action_dispatch/middleware/debug_exceptions.rb:65:in `call'
web-console (3.7.0) lib/web_console/middleware.rb:135:in `call_app'
web-console (3.7.0) lib/web_console/middleware.rb:30:in `block in call'
web-console (3.7.0) lib/web_console/middleware.rb:20:in `catch'
web-console (3.7.0) lib/web_console/middleware.rb:20:in `call'
actionpack (5.2.3) lib/action_dispatch/middleware/show_exceptions.rb:33:in `call'
railties (5.2.3) lib/rails/rack/logger.rb:38:in `call_app'
railties (5.2.3) lib/rails/rack/logger.rb:26:in `block in call'
activesupport (5.2.3) lib/active_support/tagged_logging.rb:71:in `block in tagged'
activesupport (5.2.3) lib/active_support/tagged_logging.rb:28:in `tagged'
activesupport (5.2.3) lib/active_support/tagged_logging.rb:71:in `tagged'
railties (5.2.3) lib/rails/rack/logger.rb:26:in `call'
sprockets-rails (3.2.1) lib/sprockets/rails/quiet_assets.rb:13:in `call'
actionpack (5.2.3) lib/action_dispatch/middleware/remote_ip.rb:81:in `call'
actionpack (5.2.3) lib/action_dispatch/middleware/request_id.rb:27:in `call'
rack (2.0.7) lib/rack/method_override.rb:22:in `call'
rack (2.0.7) lib/rack/runtime.rb:22:in `call'
activesupport (5.2.3) lib/active_support/cache/strategy/local_cache_middleware.rb:29:in `call'
actionpack (5.2.3) lib/action_dispatch/middleware/executor.rb:14:in `call'
actionpack (5.2.3) lib/action_dispatch/middleware/static.rb:127:in `call'
rack (2.0.7) lib/rack/sendfile.rb:111:in `call'
railties (5.2.3) lib/rails/engine.rb:524:in `call'
puma (3.12.1) lib/puma/configuration.rb:227:in `call'
puma (3.12.1) lib/puma/server.rb:660:in `handle_request'
puma (3.12.1) lib/puma/server.rb:474:in `process_client'
puma (3.12.1) lib/puma/server.rb:334:in `block in run'
puma (3.12.1) lib/puma/thread_pool.rb:135:in `block in spawn_thread'
Started GET "/lessons/" for ::1 at 2019-10-08 05:38:10 -0400
Processing by LessonsController#index as HTML
Completed 500 Internal Server Error in 33ms (ActiveRecord: 0.0ms)


  
NameError (uninitialized constant Lesson::LessonUploader):
  
app/models/lesson.rb:9:in `<class:Lesson>'
app/models/lesson.rb:1:in `<main>'
app/controllers/lessons_controller.rb:4:in `index'
Started GET "/" for ::1 at 2019-10-08 05:41:15 -0400
  [1m[35m (0.6ms)[0m  [1m[34mSELECT "schema_migrations"."version" FROM "schema_migrations" ORDER BY "schema_migrations"."version" ASC[0m
  â†³ /Users/christophermannion/.rbenv/versions/2.6.0/lib/ruby/gems/2.6.0/gems/activerecord-5.2.3/lib/active_record/log_subscriber.rb:98
Processing by ApplicationController#hello as HTML
  Rendering html template
  Rendered html template (0.1ms)
Completed 200 OK in 42ms (Views: 6.8ms | ActiveRecord: 0.0ms)


Started GET "/lessons" for ::1 at 2019-10-08 05:41:20 -0400
Processing by LessonsController#index as HTML
Completed 500 Internal Server Error in 29ms (ActiveRecord: 0.0ms)


  
NoMethodError (undefined method `paginate' for #<Class:0x00007f8ff087e628>):
  
app/controllers/lessons_controller.rb:4:in `index'
Started GET "/lesson" for ::1 at 2019-10-08 05:41:26 -0400
  
ActionController::RoutingError (No route matches [GET] "/lesson"):
  
actionpack (5.2.3) lib/action_dispatch/middleware/debug_exceptions.rb:65:in `call'
web-console (3.7.0) lib/web_console/middleware.rb:135:in `call_app'
web-console (3.7.0) lib/web_console/middleware.rb:30:in `block in call'
web-console (3.7.0) lib/web_console/middleware.rb:20:in `catch'
web-console (3.7.0) lib/web_console/middleware.rb:20:in `call'
actionpack (5.2.3) lib/action_dispatch/middleware/show_exceptions.rb:33:in `call'
railties (5.2.3) lib/rails/rack/logger.rb:38:in `call_app'
railties (5.2.3) lib/rails/rack/logger.rb:26:in `block in call'
activesupport (5.2.3) lib/active_support/tagged_logging.rb:71:in `block in tagged'
activesupport (5.2.3) lib/active_support/tagged_logging.rb:28:in `tagged'
activesupport (5.2.3) lib/active_support/tagged_logging.rb:71:in `tagged'
railties (5.2.3) lib/rails/rack/logger.rb:26:in `call'
sprockets-rails (3.2.1) lib/sprockets/rails/quiet_assets.rb:13:in `call'
actionpack (5.2.3) lib/action_dispatch/middleware/remote_ip.rb:81:in `call'
actionpack (5.2.3) lib/action_dispatch/middleware/request_id.rb:27:in `call'
rack (2.0.7) lib/rack/method_override.rb:22:in `call'
rack (2.0.7) lib/rack/runtime.rb:22:in `call'
activesupport (5.2.3) lib/active_support/cache/strategy/local_cache_middleware.rb:29:in `call'
actionpack (5.2.3) lib/action_dispatch/middleware/executor.rb:14:in `call'
actionpack (5.2.3) lib/action_dispatch/middleware/static.rb:127:in `call'
rack (2.0.7) lib/rack/sendfile.rb:111:in `call'
railties (5.2.3) lib/rails/engine.rb:524:in `call'
puma (3.12.1) lib/puma/configuration.rb:227:in `call'
puma (3.12.1) lib/puma/server.rb:660:in `handle_request'
puma (3.12.1) lib/puma/server.rb:474:in `process_client'
puma (3.12.1) lib/puma/server.rb:334:in `block in run'
puma (3.12.1) lib/puma/thread_pool.rb:135:in `block in spawn_thread'
Started GET "/lessons" for ::1 at 2019-10-08 05:41:30 -0400
Processing by LessonsController#index as HTML
Completed 500 Internal Server Error in 12ms (ActiveRecord: 0.0ms)


  
NoMethodError (undefined method `paginate' for #<Class:0x00007f8ff087e628>):
  
app/controllers/lessons_controller.rb:4:in `index'
Started GET "/" for ::1 at 2019-10-08 05:45:24 -0400
  [1m[35m (0.7ms)[0m  [1m[34mSELECT "schema_migrations"."version" FROM "schema_migrations" ORDER BY "schema_migrations"."version" ASC[0m
  â†³ /Users/christophermannion/.rbenv/versions/2.6.0/lib/ruby/gems/2.6.0/gems/activerecord-5.2.3/lib/active_record/log_subscriber.rb:98
Processing by ApplicationController#hello as HTML
  Rendering html template
  Rendered html template (0.1ms)
Completed 200 OK in 50ms (Views: 36.9ms | ActiveRecord: 0.0ms)


Started GET "/lessons" for ::1 at 2019-10-08 05:45:26 -0400
Processing by LessonsController#index as HTML
  Rendering lessons/index.html.erb within layouts/application
  [1m[36mLesson Load (1.5ms)[0m  [1m[34mSELECT  "lessons".* FROM "lessons" ORDER BY sort ASC LIMIT ? OFFSET ?[0m  [["LIMIT", 6], ["OFFSET", 0]]
  â†³ app/views/lessons/index.html.erb:21
  Rendered lessons/index.html.erb within layouts/application (9.4ms)
Completed 500 Internal Server Error in 31ms (ActiveRecord: 1.5ms)


  
ActionView::Template::Error (SQLite3::SQLException: no such column: sort: SELECT  "lessons".* FROM "lessons" ORDER BY sort ASC LIMIT ? OFFSET ?):
    18:   </thead>
    19: 
    20:   <tbody>
    21:     <% @lessons.each do |lesson| %>
    22:       <tr>
    23:         <td><%= lesson.image %></td>
    24:         <td><%= lesson.title %></td>
  
app/views/lessons/index.html.erb:21:in `_app_views_lessons_index_html_erb___609456820805063517_70324019176320'
  [1m[35m (0.2ms)[0m  [1m[34mSELECT "schema_migrations"."version" FROM "schema_migrations" ORDER BY "schema_migrations"."version" ASC[0m
  â†³ /Users/christophermannion/.rbenv/versions/2.6.0/bin/rake:23
  [1m[36mActiveRecord::InternalMetadata Load (1.1ms)[0m  [1m[34mSELECT  "ar_internal_metadata".* FROM "ar_internal_metadata" WHERE "ar_internal_metadata"."key" = ? LIMIT ?[0m  [["key", "environment"], ["LIMIT", 1]]
  â†³ /Users/christophermannion/.rbenv/versions/2.6.0/bin/rake:23
  [1m[35m (0.1ms)[0m  [1m[36mbegin transaction[0m
  â†³ /Users/christophermannion/.rbenv/versions/2.6.0/bin/rake:23
  [1m[35m (0.1ms)[0m  [1m[36mcommit transaction[0m
  â†³ /Users/christophermannion/.rbenv/versions/2.6.0/bin/rake:23
  [1m[35m (0.1ms)[0m  [1m[34mSELECT "schema_migrations"."version" FROM "schema_migrations" ORDER BY "schema_migrations"."version" ASC[0m
  â†³ /Users/christophermannion/.rbenv/versions/2.6.0/bin/rake:23
Started GET "/lessons" for ::1 at 2019-10-08 05:46:02 -0400
  [1m[35m (0.2ms)[0m  [1m[34mSELECT "schema_migrations"."version" FROM "schema_migrations" ORDER BY "schema_migrations"."version" ASC[0m
  â†³ /Users/christophermannion/.rbenv/versions/2.6.0/lib/ruby/gems/2.6.0/gems/activerecord-5.2.3/lib/active_record/log_subscriber.rb:98
Processing by LessonsController#index as HTML
  Rendering lessons/index.html.erb within layouts/application
  [1m[36mLesson Load (0.6ms)[0m  [1m[34mSELECT  "lessons".* FROM "lessons" ORDER BY sort ASC LIMIT ? OFFSET ?[0m  [["LIMIT", 6], ["OFFSET", 0]]
  â†³ app/views/lessons/index.html.erb:21
  Rendered lessons/index.html.erb within layouts/application (6.2ms)
Completed 500 Internal Server Error in 46ms (ActiveRecord: 0.6ms)


  
ActionView::Template::Error (SQLite3::SQLException: no such column: sort: SELECT  "lessons".* FROM "lessons" ORDER BY sort ASC LIMIT ? OFFSET ?):
    18:   </thead>
    19: 
    20:   <tbody>
    21:     <% @lessons.each do |lesson| %>
    22:       <tr>
    23:         <td><%= lesson.image %></td>
    24:         <td><%= lesson.title %></td>
  
app/views/lessons/index.html.erb:21:in `_app_views_lessons_index_html_erb__4283546033254678898_70139902150820'
